<?xml version="1.0" encoding="UTF-8"?>
<!-- Generated by org.testng.reporters.JUnitReportReporter -->
<testsuite hostname="Sonams-MacBook-Air.local" name="com.api.tests.GETAPINonBDD" tests="1" failures="0" timestamp="18 Aug 2020 01:11:46 GMT" time="3.444" errors="0">
  <testcase name="getUserByParamsTest" time="3.444" classname="com.api.tests.GETAPINonBDD"/>
</testsuite> <!-- com.api.tests.GETAPINonBDD -->
