<?xml version="1.0" encoding="UTF-8"?>
<!-- Generated by org.testng.reporters.JUnitReportReporter -->
<testsuite hostname="Sonams-MacBook-Air.local" name="com.api.tests.POSTCallAPI" tests="1" failures="0" timestamp="19 Aug 2020 17:59:55 GMT" time="2.120" errors="0">
  <testcase name="createUserAPI" time="2.120" classname="com.api.tests.POSTCallAPI"/>
</testsuite> <!-- com.api.tests.POSTCallAPI -->
